<?xml version="1.0" encoding="UTF-8"?>
<!-- Generated by org.testng.reporters.JUnitXMLReporter -->
<testsuite hostname="DESKTOP-LQ844T8" ignored="0" name="Test_chrome" tests="1" failures="1" timestamp="19 Jul 2017 00:43:02 GMT" time="0.015" errors="0">
  <testcase name="FbApp" time="0.0" classname="First.program.Sample2">
    <failure type="org.testng.TestNGException" message="
Parameter &amp;apos;browser&amp;apos; is required by @Test on method FbApp but has not been marked @Optional or defined
in C:\Soumya\Project_QA\git\Devansh\testng.xml">
      <![CDATA[org.testng.TestNGException: 
Parameter 'browser' is required by @Test on method FbApp but has not been marked @Optional or defined
in C:\Soumya\Project_QA\git\Devansh\testng.xml
	at java.util.concurrent.FutureTask.run(Unknown Source)
	at java.util.concurrent.ThreadPoolExecutor.runWorker(Unknown Source)
	at java.util.concurrent.ThreadPoolExecutor$Worker.run(Unknown Source)
	at java.lang.Thread.run(Unknown Source)
... Removed 14 stack frames]]>
    </failure>
  </testcase> <!-- FbApp -->
</testsuite> <!-- Test_chrome -->
